<?xml version="1.0" encoding="UTF-8"?>
<!-- Generated by org.testng.reporters.JUnitReportReporter -->
<testsuite hostname="Balaji" failures="0" tests="3" name="com.citi.test.DemoTest" time="0.037" errors="0" timestamp="2022-09-21T13:34:15 IST" skipped="0">
  <testcase classname="com.citi.test.DemoTest" name="validTest" time="0.002"/>
  <system-out/>
  <testcase classname="com.citi.test.DemoTest" name="validTest" time="0.029"/>
  <system-out/>
  <testcase classname="com.citi.test.DemoTest" name="validTest" time="0.006"/>
  <system-out/>
</testsuite> <!-- com.citi.test.DemoTest -->
